Disk Report - Thu Sep 25 06:55:01 PM EDT 2025
Filesystem      Size  Used Avail Use% Mounted on
tmpfs           795M  1.6M  793M   1% /run
/dev/sda2        25G   11G   13G  47% /
tmpfs           3.9G     0  3.9G   0% /dev/shm
tmpfs           5.0M  8.0K  5.0M   1% /run/lock
tmpfs           795M  140K  795M   1% /run/user/1000
------------------------
Disk Report - Thu Sep 25 07:00:01 PM EDT 2025
Filesystem      Size  Used Avail Use% Mounted on
tmpfs           795M  1.6M  793M   1% /run
/dev/sda2        25G   11G   13G  47% /
tmpfs           3.9G     0  3.9G   0% /dev/shm
tmpfs           5.0M  8.0K  5.0M   1% /run/lock
tmpfs           795M  140K  795M   1% /run/user/1000
------------------------
Disk Report - Thu Sep 25 07:05:01 PM EDT 2025
Filesystem      Size  Used Avail Use% Mounted on
tmpfs           795M  1.6M  793M   1% /run
/dev/sda2        25G   11G   13G  47% /
tmpfs           3.9G     0  3.9G   0% /dev/shm
tmpfs           5.0M  8.0K  5.0M   1% /run/lock
tmpfs           795M  140K  795M   1% /run/user/1000
------------------------
Disk Report - Thu Sep 25 07:10:01 PM EDT 2025
Filesystem      Size  Used Avail Use% Mounted on
tmpfs           795M  1.6M  793M   1% /run
/dev/sda2        25G   11G   13G  47% /
tmpfs           3.9G     0  3.9G   0% /dev/shm
tmpfs           5.0M  8.0K  5.0M   1% /run/lock
tmpfs           795M  140K  795M   1% /run/user/1000
------------------------
Disk Report - Thu Sep 25 07:15:01 PM EDT 2025
Filesystem      Size  Used Avail Use% Mounted on
tmpfs           795M  1.6M  793M   1% /run
/dev/sda2        25G   11G   13G  47% /
tmpfs           3.9G     0  3.9G   0% /dev/shm
tmpfs           5.0M  8.0K  5.0M   1% /run/lock
tmpfs           795M  148K  795M   1% /run/user/1000
------------------------
Disk Report - Thu Sep 25 07:20:01 PM EDT 2025
Filesystem      Size  Used Avail Use% Mounted on
tmpfs           795M  1.6M  793M   1% /run
/dev/sda2        25G   11G   13G  47% /
tmpfs           3.9G     0  3.9G   0% /dev/shm
tmpfs           5.0M  8.0K  5.0M   1% /run/lock
tmpfs           795M  144K  795M   1% /run/user/1000
------------------------
Disk Report - Thu Sep 25 07:25:01 PM EDT 2025
Filesystem      Size  Used Avail Use% Mounted on
tmpfs           795M  1.6M  793M   1% /run
/dev/sda2        25G   11G   13G  47% /
tmpfs           3.9G     0  3.9G   0% /dev/shm
tmpfs           5.0M  8.0K  5.0M   1% /run/lock
tmpfs           795M  144K  795M   1% /run/user/1000
------------------------
Disk Report - Thu Sep 25 07:30:01 PM EDT 2025
Filesystem      Size  Used Avail Use% Mounted on
tmpfs           795M  1.6M  793M   1% /run
/dev/sda2        25G   11G   13G  47% /
tmpfs           3.9G     0  3.9G   0% /dev/shm
tmpfs           5.0M  8.0K  5.0M   1% /run/lock
tmpfs           795M  144K  795M   1% /run/user/1000
------------------------
Disk Report - Thu Sep 25 07:35:01 PM EDT 2025
Filesystem      Size  Used Avail Use% Mounted on
tmpfs           795M  1.6M  793M   1% /run
/dev/sda2        25G   11G   13G  47% /
tmpfs           3.9G     0  3.9G   0% /dev/shm
tmpfs           5.0M  8.0K  5.0M   1% /run/lock
tmpfs           795M  144K  795M   1% /run/user/1000
------------------------
Disk Report - Thu Sep 25 07:37:46 PM EDT 2025
Filesystem      Size  Used Avail Use% Mounted on
tmpfs           795M  1.6M  793M   1% /run
/dev/sda2        25G   11G   13G  47% /
tmpfs           3.9G     0  3.9G   0% /dev/shm
tmpfs           5.0M  8.0K  5.0M   1% /run/lock
tmpfs           795M  144K  795M   1% /run/user/1000
------------------------
